{
  "RSpec": {
    "coverage": {
      "/home/ja/MOJE/webserver_log_parser/db_connection.rb": {
        "lines": [
          null,
          null,
          1,
          null,
          1,
          1,
          1,
          null,
          null,
          1,
          null
        ]
      },
      "/home/ja/MOJE/webserver_log_parser/lib/cli.rb": {
        "lines": [
          null,
          null,
          1,
          null,
          null,
          1,
          1,
          3,
          null,
          null,
          1,
          3,
          1,
          null,
          2,
          null,
          null,
          1,
          null,
          null,
          1,
          null,
          1,
          null,
          1,
          2,
          null,
          null
        ]
      },
      "/home/ja/MOJE/webserver_log_parser/lib/parse_and_store_data.rb": {
        "lines": [
          null,
          null,
          1,
          1,
          null,
          null,
          1,
          1,
          3,
          3,
          null,
          null,
          1,
          3,
          3,
          null,
          null,
          1,
          null,
          1,
          1,
          null,
          1,
          3,
          null,
          3,
          null,
          null,
          null,
          1,
          3,
          null,
          null,
          1,
          3,
          3,
          null,
          null,
          1,
          1,
          null,
          null,
          1,
          9,
          null,
          null
        ]
      },
      "/home/ja/MOJE/webserver_log_parser/lib/visit.rb": {
        "lines": [
          null,
          null,
          1,
          null,
          null,
          1,
          1,
          null,
          1,
          null,
          1,
          18,
          null,
          18,
          null,
          null,
          1,
          1,
          12,
          null,
          null,
          1,
          6,
          null,
          null,
          null,
          null,
          null,
          null,
          6,
          null,
          null,
          null
        ]
      },
      "/home/ja/MOJE/webserver_log_parser/lib/fetch_and_print_data.rb": {
        "lines": [
          null,
          null,
          null,
          1,
          1,
          5,
          5,
          null,
          null,
          1,
          5,
          5,
          5,
          null,
          null,
          1,
          null,
          1,
          null,
          1,
          16,
          null,
          null,
          1,
          7,
          null,
          null,
          1,
          15,
          null,
          8,
          8,
          null,
          null
        ]
      }
    },
    "timestamp": 1586048972
  }
}
