{
  "RSpec": {
    "coverage": {
      "/home/ja/MOJE/webserver_log_parser/parser.rb": {
        "lines": [
          null,
          null,
          null,
          1,
          1,
          null,
          1,
          null,
          1
        ]
      },
      "/home/ja/MOJE/webserver_log_parser/lib/webserver_log_parser.rb": {
        "lines": [
          null,
          null,
          null,
          1,
          1,
          2,
          null,
          null,
          1,
          2,
          null,
          null,
          1,
          null,
          1,
          null
        ]
      },
      "/home/ja/MOJE/webserver_log_parser/spec/lib/webserver_log_parser_spec.rb": {
        "lines": [
          null,
          null,
          1,
          1,
          2,
          null,
          2,
          null,
          null
        ]
      }
    },
    "timestamp": 1585700352
  }
}
